<?xml version="1.0" encoding="UTF-8"?>
<!-- Generated by org.testng.reporters.JUnitXMLReporter -->
<testsuite ignored="1" hostname="DESKTOP-EP81H27" failures="1" tests="1" name="Test(failed)" time="61.769" errors="0" timestamp="2025-05-07T16:36:03 IST">
  <testcase classname="InventoryTests.AddProductToCartTest" name="sample" time="0.019">
    <failure type="java.lang.AssertionError" message="null">
      <![CDATA[java.lang.AssertionError: null
at InventoryTests.AddProductToCartTest.sample(AddProductToCartTest.java:68)
at java.base/java.util.ArrayList.forEach(ArrayList.java:1596)
... Removed 27 stack frames]]>
    </failure>
  </testcase> <!-- sample -->
  <testcase classname="InventoryTests.AddProductToCartTest" name="tc_01_AddProductToCartTest" time="0.0">
    <ignored/>
  </testcase> <!-- tc_01_AddProductToCartTest -->
</testsuite> <!-- Test(failed) -->
